<?xml version="1.0" encoding="UTF-8"?>
<testng-results skipped="0" failed="0" ignored="2" total="3" passed="1">
  <reporter-output>
  </reporter-output>
  <suite name="TestSuite" duration-ms="84406" started-at="2020-01-01T14:03:29Z" finished-at="2020-01-01T14:04:54Z">
    <groups>
    </groups>
    <test name="Test" duration-ms="84406" started-at="2020-01-01T14:03:29Z" finished-at="2020-01-01T14:04:54Z">
      <class name="com.qa.test_casesCompare.PriceComparison">
        <test-method status="PASS" signature="browserSetup()[pri:0, instance:com.qa.test_casesCompare.PriceComparison@5e3a8624]" name="browserSetup" is-config="true" duration-ms="2766" started-at="2020-01-01T14:03:29Z" finished-at="2020-01-01T14:03:32Z">
          <reporter-output>
          </reporter-output>
        </test-method> <!-- browserSetup -->
        <test-method status="PASS" signature="testTripadvisor()[pri:0, instance:com.qa.test_casesCompare.PriceComparison@5e3a8624]" name="testTripadvisor" duration-ms="80248" started-at="2020-01-01T14:03:32Z" finished-at="2020-01-01T14:04:53Z">
          <reporter-output>
          </reporter-output>
        </test-method> <!-- testTripadvisor -->
        <test-method status="PASS" signature="closeBrowser()[pri:0, instance:com.qa.test_casesCompare.PriceComparison@5e3a8624]" name="closeBrowser" is-config="true" duration-ms="1356" started-at="2020-01-01T14:04:53Z" finished-at="2020-01-01T14:04:54Z">
          <reporter-output>
          </reporter-output>
        </test-method> <!-- closeBrowser -->
      </class> <!-- com.qa.test_casesCompare.PriceComparison -->
    </test> <!-- Test -->
  </suite> <!-- TestSuite -->
</testng-results>
