<?xml version="1.0" encoding="UTF-8"?>
<!-- Generated by org.testng.reporters.JUnitXMLReporter -->
<testsuite hostname="5CG6332Q30" ignored="2" name="Test" tests="1" failures="0" timestamp="01 Jan 2020 14:04:54 GMT" time="84.406" errors="0">
  <testcase name="testTripadvisor" time="80.248" classname="com.qa.test_casesCompare.PriceComparison"/>
  <testcase name="testFlipkart" time="0.0" classname="com.qa.test_casesCompare.PriceComparison">
    <ignored/>
  </testcase> <!-- testFlipkart -->
  <testcase name="testAmazon" time="0.0" classname="com.qa.test_casesCompare.PriceComparison">
    <ignored/>
  </testcase> <!-- testAmazon -->
</testsuite> <!-- Test -->
